# JRE version: OpenJDK Runtime Environment Temurin-21.0.9+10 (21.0.9+10) (build 21.0.9+10-LTS)
# Java VM: OpenJDK 64-Bit Server VM Temurin-21.0.9+10 (21.0.9+10-LTS, mixed mode, sharing, tiered, compressed oops, compressed class ptrs, parallel gc, windows-amd64)
GC Precious Log:
 CardTable entry size: 512
 CPUs: 8 total, 8 available
 Memory: 6030M
 Large Page Support: Disabled
 NUMA Support: Disabled
 Compressed Oops: Enabled (32-bit)
 Alignments: Space 512K, Generation 512K, Heap 2M
 Heap Min Capacity: 100M
 Heap Initial Capacity: 100M
 Heap Max Capacity: 2G
 Pre-touch: Disabled
 Parallel Workers: 8
Heap:
 PSYoungGen      total 2560K, used 2511K [0x00000000d5580000, 0x00000000d5a80000, 0x0000000100000000)
  eden space 2048K, 99% used [0x00000000d5580000,0x00000000d577ffd8,0x00000000d5780000)
  from space 512K, 90% used [0x00000000d5980000,0x00000000d59f4010,0x00000000d5a00000)
  to   space 512K, 0% used [0x00000000d5a00000,0x00000000d5a00000,0x00000000d5a80000)
 ParOldGen       total 495616K, used 495292K [0x0000000080000000, 0x000000009e400000, 0x00000000d5580000)
  object space 495616K, 99% used [0x0000000080000000,0x000000009e3af328,0x000000009e400000)
 Metaspace       used 77638K, committed 79232K, reserved 1179648K
  class space    used 8135K, committed 8768K, reserved 1048576K
GC Heap History (20 events):
Event: 211.480 GC heap before
{Heap before GC invocations=262 (full 3):
 PSYoungGen      total 3072K, used 3055K [0x00000000d5580000, 0x00000000d5b00000, 0x0000000100000000)
  eden space 2560K, 100% used [0x00000000d5580000,0x00000000d5800000,0x00000000d5800000)
  from space 512K, 96% used [0x00000000d5a80000,0x00000000d5afbd00,0x00000000d5b00000)
  to   space 1536K, 0% used [0x00000000d5800000,0x00000000d5800000,0x00000000d5980000)
 ParOldGen       total 486912K, used 486585K [0x0000000080000000, 0x000000009db80000, 0x00000000d5580000)
  object space 486912K, 99% used [0x0000000080000000,0x000000009db2e670,0x000000009db80000)
 Metaspace       used 76878K, committed 78464K, reserved 1179648K
  class space    used 8047K, committed 8704K, reserved 1048576K
}
Event: 211.488 GC heap after
{Heap after GC invocations=262 (full 3):
 PSYoungGen      total 4096K, used 1536K [0x00000000d5580000, 0x00000000d5e00000, 0x0000000100000000)
  eden space 2560K, 0% used [0x00000000d5580000,0x00000000d5580000,0x00000000d5800000)
  from space 1536K, 100% used [0x00000000d5800000,0x00000000d5980000,0x00000000d5980000)
  to   space 3072K, 0% used [0x00000000d5b00000,0x00000000d5b00000,0x00000000d5e00000)
 ParOldGen       total 487936K, used 487528K [0x0000000080000000, 0x000000009dc80000, 0x00000000d5580000)
  object space 487936K, 99% used [0x0000000080000000,0x000000009dc1a370,0x000000009dc80000)
 Metaspace       used 76878K, committed 78464K, reserved 1179648K
  class space    used 8047K, committed 8704K, reserved 1048576K
}
Event: 211.582 GC heap before
{Heap before GC invocations=263 (full 3):
 PSYoungGen      total 4096K, used 4096K [0x00000000d5580000, 0x00000000d5e00000, 0x0000000100000000)
  eden space 2560K, 100% used [0x00000000d5580000,0x00000000d5800000,0x00000000d5800000)
  from space 1536K, 100% used [0x00000000d5800000,0x00000000d5980000,0x00000000d5980000)
  to   space 3072K, 0% used [0x00000000d5b00000,0x00000000d5b00000,0x00000000d5e00000)
 ParOldGen       total 487936K, used 487528K [0x0000000080000000, 0x000000009dc80000, 0x00000000d5580000)
  object space 487936K, 99% used [0x0000000080000000,0x000000009dc1a370,0x000000009dc80000)
 Metaspace       used 76909K, committed 78464K, reserved 1179648K
  class space    used 8049K, committed 8704K, reserved 1048576K
}
Event: 211.592 GC heap after
{Heap after GC invocations=263 (full 3):
 PSYoungGen      total 4096K, used 1376K [0x00000000d5580000, 0x00000000d5c80000, 0x0000000100000000)
  eden space 2560K, 0% used [0x00000000d5580000,0x00000000d5580000,0x00000000d5800000)
  from space 1536K, 89% used [0x00000000d5b00000,0x00000000d5c58000,0x00000000d5c80000)
  to   space 2048K, 0% used [0x00000000d5880000,0x00000000d5880000,0x00000000d5a80000)
 ParOldGen       total 489472K, used 489088K [0x0000000080000000, 0x000000009de00000, 0x00000000d5580000)
  object space 489472K, 99% used [0x0000000080000000,0x000000009dda0370,0x000000009de00000)
 Metaspace       used 76909K, committed 78464K, reserved 1179648K
  class space    used 8049K, committed 8704K, reserved 1048576K
}
Event: 211.620 GC heap before
{Heap before GC invocations=264 (full 3):
 PSYoungGen      total 4096K, used 3926K [0x00000000d5580000, 0x00000000d5c80000, 0x0000000100000000)
  eden space 2560K, 99% used [0x00000000d5580000,0x00000000d57fd8d8,0x00000000d5800000)
  from space 1536K, 89% used [0x00000000d5b00000,0x00000000d5c58000,0x00000000d5c80000)
  to   space 2048K, 0% used [0x00000000d5880000,0x00000000d5880000,0x00000000d5a80000)
 ParOldGen       total 489472K, used 489088K [0x0000000080000000, 0x000000009de00000, 0x00000000d5580000)
  object space 489472K, 99% used [0x0000000080000000,0x000000009dda0370,0x000000009de00000)
 Metaspace       used 76909K, committed 78528K, reserved 1179648K
  class space    used 8049K, committed 8704K, reserved 1048576K
}
Event: 211.626 GC heap after
{Heap after GC invocations=264 (full 3):
 PSYoungGen      total 4608K, used 160K [0x00000000d5580000, 0x00000000d5b80000, 0x0000000100000000)
  eden space 2560K, 0% used [0x00000000d5580000,0x00000000d5580000,0x00000000d5800000)
  from space 2048K, 7% used [0x00000000d5880000,0x00000000d58a8000,0x00000000d5a80000)
  to   space 1024K, 0% used [0x00000000d5a80000,0x00000000d5a80000,0x00000000d5b80000)
 ParOldGen       total 490496K, used 490388K [0x0000000080000000, 0x000000009df00000, 0x00000000d5580000)
  object space 490496K, 99% used [0x0000000080000000,0x000000009dee5228,0x000000009df00000)
 Metaspace       used 76909K, committed 78528K, reserved 1179648K
  class space    used 8049K, committed 8704K, reserved 1048576K
}
Event: 211.667 GC heap before
{Heap before GC invocations=265 (full 3):
 PSYoungGen      total 4608K, used 2693K [0x00000000d5580000, 0x00000000d5b80000, 0x0000000100000000)
  eden space 2560K, 98% used [0x00000000d5580000,0x00000000d57f97c0,0x00000000d5800000)
  from space 2048K, 7% used [0x00000000d5880000,0x00000000d58a8000,0x00000000d5a80000)
  to   space 1024K, 0% used [0x00000000d5a80000,0x00000000d5a80000,0x00000000d5b80000)
 ParOldGen       total 490496K, used 490388K [0x0000000080000000, 0x000000009df00000, 0x00000000d5580000)
  object space 490496K, 99% used [0x0000000080000000,0x000000009dee5228,0x000000009df00000)
 Metaspace       used 76914K, committed 78528K, reserved 1179648K
  class space    used 8050K, committed 8704K, reserved 1048576K
}
Event: 211.670 GC heap after
{Heap after GC invocations=265 (full 3):
 PSYoungGen      total 3072K, used 256K [0x00000000d5580000, 0x00000000d5b00000, 0x0000000100000000)
  eden space 2560K, 0% used [0x00000000d5580000,0x00000000d5580000,0x00000000d5800000)
  from space 512K, 50% used [0x00000000d5a80000,0x00000000d5ac0000,0x00000000d5b00000)
  to   space 512K, 0% used [0x00000000d5a00000,0x00000000d5a00000,0x00000000d5a80000)
 ParOldGen       total 490496K, used 490452K [0x0000000080000000, 0x000000009df00000, 0x00000000d5580000)
  object space 490496K, 99% used [0x0000000080000000,0x000000009def5228,0x000000009df00000)
 Metaspace       used 76914K, committed 78528K, reserved 1179648K
  class space    used 8050K, committed 8704K, reserved 1048576K
}
Event: 211.747 GC heap before
{Heap before GC invocations=266 (full 3):
 PSYoungGen      total 3072K, used 2816K [0x00000000d5580000, 0x00000000d5b00000, 0x0000000100000000)
  eden space 2560K, 100% used [0x00000000d5580000,0x00000000d5800000,0x00000000d5800000)
  from space 512K, 50% used [0x00000000d5a80000,0x00000000d5ac0000,0x00000000d5b00000)
  to   space 512K, 0% used [0x00000000d5a00000,0x00000000d5a00000,0x00000000d5a80000)
 ParOldGen       total 490496K, used 490452K [0x0000000080000000, 0x000000009df00000, 0x00000000d5580000)
  object space 490496K, 99% used [0x0000000080000000,0x000000009def5228,0x000000009df00000)
 Metaspace       used 77092K, committed 78656K, reserved 1179648K
  class space    used 8072K, committed 8704K, reserved 1048576K
}
Event: 211.750 GC heap after
{Heap after GC invocations=266 (full 3):
 PSYoungGen      total 3072K, used 224K [0x00000000d5580000, 0x00000000d5b00000, 0x0000000100000000)
  eden space 2560K, 0% used [0x00000000d5580000,0x00000000d5580000,0x00000000d5800000)
  from space 512K, 43% used [0x00000000d5a00000,0x00000000d5a38000,0x00000000d5a80000)
  to   space 512K, 0% used [0x00000000d5a80000,0x00000000d5a80000,0x00000000d5b00000)
 ParOldGen       total 491008K, used 490548K [0x0000000080000000, 0x000000009df80000, 0x00000000d5580000)
  object space 491008K, 99% used [0x0000000080000000,0x000000009df0d228,0x000000009df80000)
 Metaspace       used 77092K, committed 78656K, reserved 1179648K
  class space    used 8072K, committed 8704K, reserved 1048576K
}
Event: 212.076 GC heap before
{Heap before GC invocations=267 (full 3):
 PSYoungGen      total 3072K, used 2769K [0x00000000d5580000, 0x00000000d5b00000, 0x0000000100000000)
  eden space 2560K, 99% used [0x00000000d5580000,0x00000000d57fc510,0x00000000d5800000)
  from space 512K, 43% used [0x00000000d5a00000,0x00000000d5a38000,0x00000000d5a80000)
  to   space 512K, 0% used [0x00000000d5a80000,0x00000000d5a80000,0x00000000d5b00000)
 ParOldGen       total 491008K, used 490548K [0x0000000080000000, 0x000000009df80000, 0x00000000d5580000)
  object space 491008K, 99% used [0x0000000080000000,0x000000009df0d228,0x000000009df80000)
 Metaspace       used 77343K, committed 78976K, reserved 1179648K
  class space    used 8106K, committed 8768K, reserved 1048576K
}
Event: 212.079 GC heap after
{Heap after GC invocations=267 (full 3):
 PSYoungGen      total 3072K, used 288K [0x00000000d5580000, 0x00000000d5b00000, 0x0000000100000000)
  eden space 2560K, 0% used [0x00000000d5580000,0x00000000d5580000,0x00000000d5800000)
  from space 512K, 56% used [0x00000000d5a80000,0x00000000d5ac8000,0x00000000d5b00000)
  to   space 512K, 0% used [0x00000000d5a00000,0x00000000d5a00000,0x00000000d5a80000)
 ParOldGen       total 491008K, used 490652K [0x0000000080000000, 0x000000009df80000, 0x00000000d5580000)
  object space 491008K, 99% used [0x0000000080000000,0x000000009df27228,0x000000009df80000)
 Metaspace       used 77343K, committed 78976K, reserved 1179648K
  class space    used 8106K, committed 8768K, reserved 1048576K
}
Event: 212.314 GC heap before
{Heap before GC invocations=268 (full 3):
 PSYoungGen      total 3072K, used 2848K [0x00000000d5580000, 0x00000000d5b00000, 0x0000000100000000)
  eden space 2560K, 100% used [0x00000000d5580000,0x00000000d5800000,0x00000000d5800000)
  from space 512K, 56% used [0x00000000d5a80000,0x00000000d5ac8000,0x00000000d5b00000)
  to   space 512K, 0% used [0x00000000d5a00000,0x00000000d5a00000,0x00000000d5a80000)
 ParOldGen       total 491008K, used 490652K [0x0000000080000000, 0x000000009df80000, 0x00000000d5580000)
  object space 491008K, 99% used [0x0000000080000000,0x000000009df27228,0x000000009df80000)
 Metaspace       used 77524K, committed 79104K, reserved 1179648K
  class space    used 8124K, committed 8768K, reserved 1048576K
}
Event: 212.319 GC heap after
{Heap after GC invocations=268 (full 3):
 PSYoungGen      total 3072K, used 506K [0x00000000d5580000, 0x00000000d5b00000, 0x0000000100000000)
  eden space 2560K, 0% used [0x00000000d5580000,0x00000000d5580000,0x00000000d5800000)
  from space 512K, 98% used [0x00000000d5a00000,0x00000000d5a7e900,0x00000000d5a80000)
  to   space 512K, 0% used [0x00000000d5a80000,0x00000000d5a80000,0x00000000d5b00000)
 ParOldGen       total 491008K, used 490748K [0x0000000080000000, 0x000000009df80000, 0x00000000d5580000)
  object space 491008K, 99% used [0x0000000080000000,0x000000009df3f228,0x000000009df80000)
 Metaspace       used 77524K, committed 79104K, reserved 1179648K
  class space    used 8124K, committed 8768K, reserved 1048576K
}
Event: 212.332 GC heap before
{Heap before GC invocations=269 (full 3):
 PSYoungGen      total 3072K, used 3066K [0x00000000d5580000, 0x00000000d5b00000, 0x0000000100000000)
  eden space 2560K, 99% used [0x00000000d5580000,0x00000000d57fffb0,0x00000000d5800000)
  from space 512K, 98% used [0x00000000d5a00000,0x00000000d5a7e900,0x00000000d5a80000)
  to   space 512K, 0% used [0x00000000d5a80000,0x00000000d5a80000,0x00000000d5b00000)
 ParOldGen       total 491008K, used 490748K [0x0000000080000000, 0x000000009df80000, 0x00000000d5580000)
  object space 491008K, 99% used [0x0000000080000000,0x000000009df3f228,0x000000009df80000)
 Metaspace       used 77524K, committed 79104K, reserved 1179648K
  class space    used 8124K, committed 8768K, reserved 1048576K
}
Event: 212.337 GC heap after
{Heap after GC invocations=269 (full 3):
 PSYoungGen      total 2560K, used 487K [0x00000000d5580000, 0x00000000d5e00000, 0x0000000100000000)
  eden space 2048K, 0% used [0x00000000d5580000,0x00000000d5580000,0x00000000d5780000)
  from space 512K, 95% used [0x00000000d5a80000,0x00000000d5af9e80,0x00000000d5b00000)
  to   space 3072K, 0% used [0x00000000d5780000,0x00000000d5780000,0x00000000d5a80000)
 ParOldGen       total 493056K, used 492600K [0x0000000080000000, 0x000000009e180000, 0x00000000d5580000)
  object space 493056K, 99% used [0x0000000080000000,0x000000009e10e2a8,0x000000009e180000)
 Metaspace       used 77524K, committed 79104K, reserved 1179648K
  class space    used 8124K, committed 8768K, reserved 1048576K
}
Event: 212.360 GC heap before
{Heap before GC invocations=270 (full 3):
 PSYoungGen      total 2560K, used 2535K [0x00000000d5580000, 0x00000000d5e00000, 0x0000000100000000)
  eden space 2048K, 100% used [0x00000000d5580000,0x00000000d5780000,0x00000000d5780000)
  from space 512K, 95% used [0x00000000d5a80000,0x00000000d5af9e80,0x00000000d5b00000)
  to   space 3072K, 0% used [0x00000000d5780000,0x00000000d5780000,0x00000000d5a80000)
 ParOldGen       total 493056K, used 492600K [0x0000000080000000, 0x000000009e180000, 0x00000000d5580000)
  object space 493056K, 99% used [0x0000000080000000,0x000000009e10e2a8,0x000000009e180000)
 Metaspace       used 77525K, committed 79104K, reserved 1179648K
  class space    used 8124K, committed 8768K, reserved 1048576K
}
Event: 212.366 GC heap after
{Heap after GC invocations=270 (full 3):
 PSYoungGen      total 4096K, used 1920K [0x00000000d5580000, 0x00000000d5c80000, 0x0000000100000000)
  eden space 2048K, 0% used [0x00000000d5580000,0x00000000d5580000,0x00000000d5780000)
  from space 2048K, 93% used [0x00000000d5780000,0x00000000d5960000,0x00000000d5980000)
  to   space 2560K, 0% used [0x00000000d5a00000,0x00000000d5a00000,0x00000000d5c80000)
 ParOldGen       total 493568K, used 493112K [0x0000000080000000, 0x000000009e200000, 0x00000000d5580000)
  object space 493568K, 99% used [0x0000000080000000,0x000000009e18e128,0x000000009e200000)
 Metaspace       used 77525K, committed 79104K, reserved 1179648K
  class space    used 8124K, committed 8768K, reserved 1048576K
}
Event: 215.483 GC heap before
{Heap before GC invocations=271 (full 3):
 PSYoungGen      total 4096K, used 3948K [0x00000000d5580000, 0x00000000d5c80000, 0x0000000100000000)
  eden space 2048K, 99% used [0x00000000d5580000,0x00000000d577b240,0x00000000d5780000)
  from space 2048K, 93% used [0x00000000d5780000,0x00000000d5960000,0x00000000d5980000)
  to   space 2560K, 0% used [0x00000000d5a00000,0x00000000d5a00000,0x00000000d5c80000)
 ParOldGen       total 493568K, used 493112K [0x0000000080000000, 0x000000009e200000, 0x00000000d5580000)
  object space 493568K, 99% used [0x0000000080000000,0x000000009e18e128,0x000000009e200000)
 Metaspace       used 77549K, committed 79168K, reserved 1179648K
  class space    used 8129K, committed 8768K, reserved 1048576K
}
Event: 215.491 GC heap after
{Heap after GC invocations=271 (full 3):
 PSYoungGen      total 2560K, used 256K [0x00000000d5580000, 0x00000000d5a80000, 0x0000000100000000)
  eden space 2048K, 0% used [0x00000000d5580000,0x00000000d5580000,0x00000000d5780000)
  from space 512K, 50% used [0x00000000d5a00000,0x00000000d5a40000,0x00000000d5a80000)
  to   space 1024K, 0% used [0x00000000d5880000,0x00000000d5880000,0x00000000d5980000)
 ParOldGen       total 495104K, used 494920K [0x0000000080000000, 0x000000009e380000, 0x00000000d5580000)
  object space 495104K, 99% used [0x0000000080000000,0x000000009e352128,0x000000009e380000)
 Metaspace       used 77549K, committed 79168K, reserved 1179648K
  class space    used 8129K, committed 8768K, reserved 1048576K
}

